c:\users\minju\desktop\dws\dws_error\debug\vc142.pdb
c:\users\minju\desktop\dws\dws_error\debug\vc142.idb
c:\users\minju\desktop\dws\dws_error\debug\main.obj
c:\users\minju\desktop\dws\dws_error\debug\lightcontrol.obj
c:\users\minju\desktop\dws\dws_error\debug\etc.obj
c:\users\minju\desktop\dws\dws_error\debug\displaycontrol.obj
c:\users\minju\desktop\dws\dws_error\debug\alarmcontrol.obj
c:\users\minju\desktop\dws\dws_error\debug\dws_error.exe
c:\users\minju\desktop\dws\dws_error\debug\dws_error.ilk
c:\users\minju\desktop\dws\dws_error\debug\dws_error.pdb
c:\users\minju\desktop\dws\dws_error\debug\alarmcontrolr.obj
c:\users\minju\desktop\dws\dws_error\debug\lightcontrolr.obj
c:\users\minju\desktop\dws\dws_error\debug\dws_error_test.pdb
c:\users\minju\desktop\dws\dws_error\debug\gtest.pdb
c:\users\minju\desktop\dws\dws_error\debug\gtest_main.pdb
c:\users\minju\desktop\dws\dws_error\debug\dws_error.tlog\cl.command.1.tlog
c:\users\minju\desktop\dws\dws_error\debug\dws_error.tlog\cl.read.1.tlog
c:\users\minju\desktop\dws\dws_error\debug\dws_error.tlog\cl.write.1.tlog
c:\users\minju\desktop\dws\dws_error\debug\dws_error.tlog\link.command.1.tlog
c:\users\minju\desktop\dws\dws_error\debug\dws_error.tlog\link.read.1.tlog
c:\users\minju\desktop\dws\dws_error\debug\dws_error.tlog\link.write.1.tlog
